BLOCK SIZE = 64 Bytes
1-WAY
CACHE SIZE = 32768 Bytes
NUMBER OF BLOCKS = 512
NUMBER OF SETS = 512

0000af40
 converted to 44864
Memory address: 44864, Block address: 701, Index: 189, Tag: 1 Miss!
00000000
 converted to 0
Memory address: 0, Block address: 0, Index: 0, Tag: 0 Miss!
00001000
 converted to 4096
Memory address: 4096, Block address: 64, Index: 64, Tag: 0 Miss!
00002000
 converted to 8192
Memory address: 8192, Block address: 128, Index: 128, Tag: 0 Miss!
00003000
 converted to 12288
Memory address: 12288, Block address: 192, Index: 192, Tag: 0 Miss!
00004000
 converted to 16384
Memory address: 16384, Block address: 256, Index: 256, Tag: 0 Miss!
00005000
 converted to 20480
Memory address: 20480, Block address: 320, Index: 320, Tag: 0 Miss!
00006000
 converted to 24576
Memory address: 24576, Block address: 384, Index: 384, Tag: 0 Miss!
00007000
 converted to 28672
Memory address: 28672, Block address: 448, Index: 448, Tag: 0 Miss!
00008000
 converted to 32768
Memory address: 32768, Block address: 512, Index: 0, Tag: 1 Miss!
00009000
 converted to 36864
Memory address: 36864, Block address: 576, Index: 64, Tag: 1 Miss!
0000b580
 converted to 46464
Memory address: 46464, Block address: 726, Index: 214, Tag: 1 Miss!
0000b580
 converted to 46464
Memory address: 46464, Block address: 726, Index: 214, Tag: 1 Hit!
0000c000
 converted to 49152
Memory address: 49152, Block address: 768, Index: 256, Tag: 1 Miss!
0000deb8
 converted to 57016
Memory address: 57016, Block address: 890, Index: 378, Tag: 1 Miss!
0000daa8
 converted to 55976
Memory address: 55976, Block address: 874, Index: 362, Tag: 1 Miss!
0000daa8
 converted to 55976
Memory address: 55976, Block address: 874, Index: 362, Tag: 1 Hit!
0000ab44
 converted to 43844
Memory address: 43844, Block address: 685, Index: 173, Tag: 1 Miss!
0000ab44
 converted to 43844
Memory address: 43844, Block address: 685, Index: 173, Tag: 1 Hit!
0000b590
 converted to 46480
Memory address: 46480, Block address: 726, Index: 214, Tag: 1 Hit!

==================================
Cache type:    Direct-Mapped Cache
==================================
Cache Hits:    4
Cache Misses:  16
Hit Rate:  0.200
Miss Rate: 0.800